<?xml version="1.0" encoding="UTF-8"?>
<!-- Generated by org.testng.reporters.JUnitReportReporter -->
<testsuite hostname="Sherlock" failures="0" tests="4" name="com.project.MyMoviePlanApplicationTests" time="46.389" errors="0" timestamp="2023-07-31T17:58:14 SELČ" skipped="0">
  <testcase classname="com.project.MyMoviePlanApplicationTests" name="registerNegative" time="13.530"/>
  <testcase classname="com.project.MyMoviePlanApplicationTests" name="registerPositive" time="13.579"/>
  <testcase classname="com.project.MyMoviePlanApplicationTests" name="loginNegative" time="9.971"/>
  <testcase classname="com.project.MyMoviePlanApplicationTests" name="loginPositive" time="9.309"/>
</testsuite> <!-- com.project.MyMoviePlanApplicationTests -->
