<?xml version="1.0" encoding="UTF-8"?>
<!-- Generated by org.testng.reporters.JUnitReportReporter -->
<testsuite hostname="Sherlock" failures="0" tests="4" name="com.project.MyMoviePlanApplicationTests" time="46.463" errors="0" timestamp="2023-07-31T17:12:29 SELČ" skipped="0">
  <testcase classname="com.project.MyMoviePlanApplicationTests" name="loginNegative" time="9.956"/>
  <testcase classname="com.project.MyMoviePlanApplicationTests" name="registerNegative" time="13.581"/>
  <testcase classname="com.project.MyMoviePlanApplicationTests" name="loginPositive" time="9.331"/>
  <testcase classname="com.project.MyMoviePlanApplicationTests" name="registerPositive" time="13.595"/>
</testsuite> <!-- com.project.MyMoviePlanApplicationTests -->
