<?xml version="1.0" encoding="UTF-8"?>
<testng-results ignored="0" total="4" passed="4" failed="0" skipped="0">
  <reporter-output>
  </reporter-output>
  <suite started-at="2023-07-31T17:57:26 SELČ" name="Default suite" finished-at="2023-07-31T17:58:14 SELČ" duration-ms="48347">
    <groups>
    </groups>
    <test started-at="2023-07-31T17:57:26 SELČ" name="Default test" finished-at="2023-07-31T17:58:14 SELČ" duration-ms="48347">
      <class name="com.project.MyMoviePlanApplicationTests">
        <test-method is-config="true" signature="beforeClass()[pri:0, instance:com.project.MyMoviePlanApplicationTests@62833051]" started-at="2023-07-31T17:57:26 SELČ" name="beforeClass" finished-at="2023-07-31T17:57:28 SELČ" duration-ms="1781" status="PASS">
          <reporter-output>
          </reporter-output>
        </test-method> <!-- beforeClass -->
        <test-method is-config="true" signature="beforeMethod()[pri:0, instance:com.project.MyMoviePlanApplicationTests@62833051]" started-at="2023-07-31T17:57:28 SELČ" name="beforeMethod" finished-at="2023-07-31T17:57:28 SELČ" duration-ms="0" status="PASS">
          <reporter-output>
          </reporter-output>
        </test-method> <!-- beforeMethod -->
        <test-method signature="loginNegative()[pri:0, instance:com.project.MyMoviePlanApplicationTests@62833051]" started-at="2023-07-31T17:57:28 SELČ" name="loginNegative" finished-at="2023-07-31T17:57:32 SELČ" duration-ms="4956" status="PASS">
          <reporter-output>
          </reporter-output>
        </test-method> <!-- loginNegative -->
        <test-method is-config="true" signature="afterMethod()[pri:0, instance:com.project.MyMoviePlanApplicationTests@62833051]" started-at="2023-07-31T17:57:32 SELČ" name="afterMethod" finished-at="2023-07-31T17:57:38 SELČ" duration-ms="5006" status="PASS">
          <reporter-output>
          </reporter-output>
        </test-method> <!-- afterMethod -->
        <test-method is-config="true" signature="beforeMethod()[pri:0, instance:com.project.MyMoviePlanApplicationTests@62833051]" started-at="2023-07-31T17:57:38 SELČ" name="beforeMethod" finished-at="2023-07-31T17:57:38 SELČ" duration-ms="1" status="PASS">
          <reporter-output>
          </reporter-output>
        </test-method> <!-- beforeMethod -->
        <test-method signature="loginPositive()[pri:0, instance:com.project.MyMoviePlanApplicationTests@62833051]" started-at="2023-07-31T17:57:38 SELČ" name="loginPositive" finished-at="2023-07-31T17:57:42 SELČ" duration-ms="4302" status="PASS">
          <reporter-output>
          </reporter-output>
        </test-method> <!-- loginPositive -->
        <test-method is-config="true" signature="afterMethod()[pri:0, instance:com.project.MyMoviePlanApplicationTests@62833051]" started-at="2023-07-31T17:57:42 SELČ" name="afterMethod" finished-at="2023-07-31T17:57:47 SELČ" duration-ms="5007" status="PASS">
          <reporter-output>
          </reporter-output>
        </test-method> <!-- afterMethod -->
        <test-method signature="registerNegative()[pri:0, instance:com.project.MyMoviePlanApplicationTests@62833051]" started-at="2023-07-31T17:57:47 SELČ" name="registerNegative" finished-at="2023-07-31T17:57:55 SELČ" duration-ms="8527" status="PASS">
          <reporter-output>
          </reporter-output>
        </test-method> <!-- registerNegative -->
        <test-method is-config="true" signature="beforeMethod()[pri:0, instance:com.project.MyMoviePlanApplicationTests@62833051]" started-at="2023-07-31T17:57:47 SELČ" name="beforeMethod" finished-at="2023-07-31T17:57:47 SELČ" duration-ms="0" status="PASS">
          <reporter-output>
          </reporter-output>
        </test-method> <!-- beforeMethod -->
        <test-method is-config="true" signature="afterMethod()[pri:0, instance:com.project.MyMoviePlanApplicationTests@62833051]" started-at="2023-07-31T17:57:55 SELČ" name="afterMethod" finished-at="2023-07-31T17:58:00 SELČ" duration-ms="5003" status="PASS">
          <reporter-output>
          </reporter-output>
        </test-method> <!-- afterMethod -->
        <test-method signature="registerPositive()[pri:0, instance:com.project.MyMoviePlanApplicationTests@62833051]" started-at="2023-07-31T17:58:00 SELČ" name="registerPositive" finished-at="2023-07-31T17:58:09 SELČ" duration-ms="8573" status="PASS">
          <reporter-output>
          </reporter-output>
        </test-method> <!-- registerPositive -->
        <test-method is-config="true" signature="beforeMethod()[pri:0, instance:com.project.MyMoviePlanApplicationTests@62833051]" started-at="2023-07-31T17:58:00 SELČ" name="beforeMethod" finished-at="2023-07-31T17:58:00 SELČ" duration-ms="0" status="PASS">
          <reporter-output>
          </reporter-output>
        </test-method> <!-- beforeMethod -->
        <test-method is-config="true" signature="afterMethod()[pri:0, instance:com.project.MyMoviePlanApplicationTests@62833051]" started-at="2023-07-31T17:58:09 SELČ" name="afterMethod" finished-at="2023-07-31T17:58:14 SELČ" duration-ms="5014" status="PASS">
          <reporter-output>
          </reporter-output>
        </test-method> <!-- afterMethod -->
        <test-method is-config="true" signature="afterClass()[pri:0, instance:com.project.MyMoviePlanApplicationTests@62833051]" started-at="2023-07-31T17:58:14 SELČ" name="afterClass" finished-at="2023-07-31T17:58:14 SELČ" duration-ms="125" status="PASS">
          <reporter-output>
          </reporter-output>
        </test-method> <!-- afterClass -->
      </class> <!-- com.project.MyMoviePlanApplicationTests -->
    </test> <!-- Default test -->
  </suite> <!-- Default suite -->
</testng-results>
