<?xml version="1.0" encoding="UTF-8"?>
<testng-results ignored="0" total="4" passed="4" failed="0" skipped="0">
  <reporter-output>
  </reporter-output>
  <suite started-at="2023-07-31T17:11:41 SELČ" name="Default suite" finished-at="2023-07-31T17:12:29 SELČ" duration-ms="48001">
    <groups>
    </groups>
    <test started-at="2023-07-31T17:11:41 SELČ" name="Default test" finished-at="2023-07-31T17:12:29 SELČ" duration-ms="48001">
      <class name="com.project.MyMoviePlanApplicationTests">
        <test-method is-config="true" signature="beforeClass()[pri:0, instance:com.project.MyMoviePlanApplicationTests@62833051]" started-at="2023-07-31T17:11:41 SELČ" name="beforeClass" finished-at="2023-07-31T17:11:42 SELČ" duration-ms="1379" status="PASS">
          <reporter-output>
          </reporter-output>
        </test-method> <!-- beforeClass -->
        <test-method is-config="true" signature="beforeMethod()[pri:0, instance:com.project.MyMoviePlanApplicationTests@62833051]" started-at="2023-07-31T17:11:42 SELČ" name="beforeMethod" finished-at="2023-07-31T17:11:42 SELČ" duration-ms="0" status="PASS">
          <reporter-output>
          </reporter-output>
        </test-method> <!-- beforeMethod -->
        <test-method signature="loginNegative()[pri:0, instance:com.project.MyMoviePlanApplicationTests@62833051]" started-at="2023-07-31T17:11:42 SELČ" name="loginNegative" finished-at="2023-07-31T17:11:47 SELČ" duration-ms="4952" status="PASS">
          <reporter-output>
          </reporter-output>
        </test-method> <!-- loginNegative -->
        <test-method is-config="true" signature="afterMethod()[pri:0, instance:com.project.MyMoviePlanApplicationTests@62833051]" started-at="2023-07-31T17:11:47 SELČ" name="afterMethod" finished-at="2023-07-31T17:11:52 SELČ" duration-ms="5009" status="PASS">
          <reporter-output>
          </reporter-output>
        </test-method> <!-- afterMethod -->
        <test-method signature="loginPositive()[pri:0, instance:com.project.MyMoviePlanApplicationTests@62833051]" started-at="2023-07-31T17:11:52 SELČ" name="loginPositive" finished-at="2023-07-31T17:11:57 SELČ" duration-ms="4322" status="PASS">
          <reporter-output>
          </reporter-output>
        </test-method> <!-- loginPositive -->
        <test-method is-config="true" signature="beforeMethod()[pri:0, instance:com.project.MyMoviePlanApplicationTests@62833051]" started-at="2023-07-31T17:11:52 SELČ" name="beforeMethod" finished-at="2023-07-31T17:11:52 SELČ" duration-ms="0" status="PASS">
          <reporter-output>
          </reporter-output>
        </test-method> <!-- beforeMethod -->
        <test-method is-config="true" signature="afterMethod()[pri:0, instance:com.project.MyMoviePlanApplicationTests@62833051]" started-at="2023-07-31T17:11:57 SELČ" name="afterMethod" finished-at="2023-07-31T17:12:02 SELČ" duration-ms="5001" status="PASS">
          <reporter-output>
          </reporter-output>
        </test-method> <!-- afterMethod -->
        <test-method signature="registerNegative()[pri:0, instance:com.project.MyMoviePlanApplicationTests@62833051]" started-at="2023-07-31T17:12:02 SELČ" name="registerNegative" finished-at="2023-07-31T17:12:10 SELČ" duration-ms="8570" status="PASS">
          <reporter-output>
          </reporter-output>
        </test-method> <!-- registerNegative -->
        <test-method is-config="true" signature="beforeMethod()[pri:0, instance:com.project.MyMoviePlanApplicationTests@62833051]" started-at="2023-07-31T17:12:02 SELČ" name="beforeMethod" finished-at="2023-07-31T17:12:02 SELČ" duration-ms="0" status="PASS">
          <reporter-output>
          </reporter-output>
        </test-method> <!-- beforeMethod -->
        <test-method is-config="true" signature="afterMethod()[pri:0, instance:com.project.MyMoviePlanApplicationTests@62833051]" started-at="2023-07-31T17:12:10 SELČ" name="afterMethod" finished-at="2023-07-31T17:12:15 SELČ" duration-ms="5004" status="PASS">
          <reporter-output>
          </reporter-output>
        </test-method> <!-- afterMethod -->
        <test-method is-config="true" signature="beforeMethod()[pri:0, instance:com.project.MyMoviePlanApplicationTests@62833051]" started-at="2023-07-31T17:12:15 SELČ" name="beforeMethod" finished-at="2023-07-31T17:12:15 SELČ" duration-ms="1" status="PASS">
          <reporter-output>
          </reporter-output>
        </test-method> <!-- beforeMethod -->
        <test-method signature="registerPositive()[pri:0, instance:com.project.MyMoviePlanApplicationTests@62833051]" started-at="2023-07-31T17:12:15 SELČ" name="registerPositive" finished-at="2023-07-31T17:12:24 SELČ" duration-ms="8594" status="PASS">
          <reporter-output>
          </reporter-output>
        </test-method> <!-- registerPositive -->
        <test-method is-config="true" signature="afterMethod()[pri:0, instance:com.project.MyMoviePlanApplicationTests@62833051]" started-at="2023-07-31T17:12:24 SELČ" name="afterMethod" finished-at="2023-07-31T17:12:29 SELČ" duration-ms="5010" status="PASS">
          <reporter-output>
          </reporter-output>
        </test-method> <!-- afterMethod -->
        <test-method is-config="true" signature="afterClass()[pri:0, instance:com.project.MyMoviePlanApplicationTests@62833051]" started-at="2023-07-31T17:12:29 SELČ" name="afterClass" finished-at="2023-07-31T17:12:29 SELČ" duration-ms="124" status="PASS">
          <reporter-output>
          </reporter-output>
        </test-method> <!-- afterClass -->
      </class> <!-- com.project.MyMoviePlanApplicationTests -->
    </test> <!-- Default test -->
  </suite> <!-- Default suite -->
</testng-results>
