<?xml version="1.0" encoding="UTF-8"?>
<!-- Generated by org.testng.reporters.JUnitXMLReporter -->
<testsuite ignored="0" hostname="Sherlock" failures="0" tests="4" name="Default test" time="48.347" errors="0" timestamp="2023-07-31T17:58:14 SELČ">
  <testcase classname="com.project.MyMoviePlanApplicationTests" name="loginNegative" time="4.956"/>
  <testcase classname="com.project.MyMoviePlanApplicationTests" name="loginPositive" time="4.302"/>
  <testcase classname="com.project.MyMoviePlanApplicationTests" name="registerNegative" time="8.527"/>
  <testcase classname="com.project.MyMoviePlanApplicationTests" name="registerPositive" time="8.573"/>
</testsuite> <!-- Default test -->
